This is pdfTeX, Version 3.14159265-2.6-1.40.19 (TeX Live 2018) (preloaded format=pdflatex 2018.10.6)  14 OCT 2018 13:23
entering extended mode
 restricted \write18 enabled.
 file:line:error style messages enabled.
 %&-line parsing enabled.
**second-chapter.tex
(./second-chapter.tex
LaTeX2e <2018-04-01> patch level 5
./second-chapter.tex:1: Undefined control sequence.
l.1 \part
         {–ü—Ä–æ–∏–∑–≤–æ–¥—è—â–µ–µ –ø—Ä–æ—Å—Ç—Ä–∞–Ω—Å—Ç–≤–æ —ç–ª–µ–º–µ–Ω—Ç–∞...
The control sequence at the end of the top line
of your error message was never \def'ed. If you have
misspelled it (e.g., `\hobx'), type `I' and the correct
spelling (e.g., `I\hbox'). Otherwise just continue,
and I'll forget about whatever was undefined.


./second-chapter.tex:1: Package inputenc Error: Unicode character –ü (U+41F)
(inputenc)                not set up for use with LaTeX.

See the inputenc package documentation for explanation.
Type  H <return>  for immediate help.
 ...                                              
                                                  
l.1 \part{–ü
            —Ä–æ–∏–∑–≤–æ–¥—è—â–µ–µ –ø—Ä–æ—Å—Ç—Ä–∞–Ω—Å—Ç–≤–æ —ç–ª–µ–º–µ–Ω—Ç–∞...
You may provide a definition with
\DeclareUnicodeCharacter 


./second-chapter.tex:1: Package inputenc Error: Unicode character —Ä (U+440)
(inputenc)                not set up for use with LaTeX.

See the inputenc package documentation for explanation.
Type  H <return>  for immediate help.
 ...                                              
                                                  
l.1 \part{–ü—Ä
              –æ–∏–∑–≤–æ–¥—è—â–µ–µ –ø—Ä–æ—Å—Ç—Ä–∞–Ω—Å—Ç–≤–æ —ç–ª–µ–º–µ–Ω—Ç–∞...
You may provide a definition with
\DeclareUnicodeCharacter 


./second-chapter.tex:1: Package inputenc Error: Unicode character –æ (U+43E)
(inputenc)                not set up for use with LaTeX.

See the inputenc package documentation for explanation.
Type  H <return>  for immediate help.
 ...                                              
                                                  
l.1 \part{–ü—Ä–æ
                –∏–∑–≤–æ–¥—è—â–µ–µ –ø—Ä–æ—Å—Ç—Ä–∞–Ω—Å—Ç–≤–æ —ç–ª–µ–º–µ–Ω—Ç–∞...
You may provide a definition with
\DeclareUnicodeCharacter 


./second-chapter.tex:1: Package inputenc Error: Unicode character –∏ (U+438)
(inputenc)                not set up for use with LaTeX.

See the inputenc package documentation for explanation.
Type  H <return>  for immediate help.
 ...                                              
                                                  
l.1 \part{–ü—Ä–æ–∏
                  –∑–≤–æ–¥—è—â–µ–µ –ø—Ä–æ—Å—Ç—Ä–∞–Ω—Å—Ç–≤–æ —ç–ª–µ–º–µ–Ω—Ç–∞...
You may provide a definition with
\DeclareUnicodeCharacter 


./second-chapter.tex:1: Package inputenc Error: Unicode character –∑ (U+437)
(inputenc)                not set up for use with LaTeX.

See the inputenc package documentation for explanation.
Type  H <return>  for immediate help.
 ...                                              
                                                  
l.1 \part{–ü—Ä–æ–∏–∑
                    –≤–æ–¥—è—â–µ–µ –ø—Ä–æ—Å—Ç—Ä–∞–Ω—Å—Ç–≤–æ —ç–ª–µ–º–µ–Ω—Ç–∞...
You may provide a definition with
\DeclareUnicodeCharacter 


./second-chapter.tex:1: Package inputenc Error: Unicode character –≤ (U+432)
(inputenc)                not set up for use with LaTeX.

See the inputenc package documentation for explanation.
Type  H <return>  for immediate help.
 ...                                              
                                                  
l.1 \part{–ü—Ä–æ–∏–∑–≤
                      –æ–¥—è—â–µ–µ –ø—Ä–æ—Å—Ç—Ä–∞–Ω—Å—Ç–≤–æ —ç–ª–µ–º–µ–Ω—Ç–∞...
You may provide a definition with
\DeclareUnicodeCharacter 


./second-chapter.tex:1: Package inputenc Error: Unicode character –æ (U+43E)
(inputenc)                not set up for use with LaTeX.

See the inputenc package documentation for explanation.
Type  H <return>  for immediate help.
 ...                                              
                                                  
l.1 \part{–ü—Ä–æ–∏–∑–≤–æ
                        –¥—è—â–µ–µ –ø—Ä–æ—Å—Ç—Ä–∞–Ω—Å—Ç–≤–æ —ç–ª–µ–º–µ–Ω—Ç–∞...
You may provide a definition with
\DeclareUnicodeCharacter 


./second-chapter.tex:1: Package inputenc Error: Unicode character –¥ (U+434)
(inputenc)                not set up for use with LaTeX.

See the inputenc package documentation for explanation.
Type  H <return>  for immediate help.
 ...                                              
                                                  
l.1 \part{–ü—Ä–æ–∏–∑–≤–æ–¥
                          —è—â–µ–µ –ø—Ä–æ—Å—Ç—Ä–∞–Ω—Å—Ç–≤–æ —ç–ª–µ–º–µ–Ω—Ç–∞...
You may provide a definition with
\DeclareUnicodeCharacter 


./second-chapter.tex:1: Package inputenc Error: Unicode character —è (U+44F)
(inputenc)                not set up for use with LaTeX.

See the inputenc package documentation for explanation.
Type  H <return>  for immediate help.
 ...                                              
                                                  
l.1 \part{–ü—Ä–æ–∏–∑–≤–æ–¥—è
                            —â–µ–µ –ø—Ä–æ—Å—Ç—Ä–∞–Ω—Å—Ç–≤–æ —ç–ª–µ–º–µ–Ω—Ç–∞...
You may provide a definition with
\DeclareUnicodeCharacter 


./second-chapter.tex:1: Package inputenc Error: Unicode character —â (U+449)
(inputenc)                not set up for use with LaTeX.

See the inputenc package documentation for explanation.
Type  H <return>  for immediate help.
 ...                                              
                                                  
l.1 \part{–ü—Ä–æ–∏–∑–≤–æ–¥—è—â
                              –µ–µ –ø—Ä–æ—Å—Ç—Ä–∞–Ω—Å—Ç–≤–æ —ç–ª–µ–º–µ–Ω—Ç–∞...
You may provide a definition with
\DeclareUnicodeCharacter 


./second-chapter.tex:1: Package inputenc Error: Unicode character –µ (U+435)
(inputenc)                not set up for use with LaTeX.

See the inputenc package documentation for explanation.
Type  H <return>  for immediate help.
 ...                                              
                                                  
l.1 \part{–ü—Ä–æ–∏–∑–≤–æ–¥—è—â–µ
                                –µ –ø—Ä–æ—Å—Ç—Ä–∞–Ω—Å—Ç–≤–æ —ç–ª–µ–º–µ–Ω—Ç–∞...
You may provide a definition with
\DeclareUnicodeCharacter 


./second-chapter.tex:1: Package inputenc Error: Unicode character –µ (U+435)
(inputenc)                not set up for use with LaTeX.

See the inputenc package documentation for explanation.
Type  H <return>  for immediate help.
 ...                                              
                                                  
l.1 \part{–ü—Ä–æ–∏–∑–≤–æ–¥—è—â–µ–µ
                                   –ø—Ä–æ—Å—Ç—Ä–∞–Ω—Å—Ç–≤–æ —ç–ª–µ–º–µ–Ω—Ç–∞...
You may provide a definition with
\DeclareUnicodeCharacter 


./second-chapter.tex:1: Package inputenc Error: Unicode character –ø (U+43F)
(inputenc)                not set up for use with LaTeX.

See the inputenc package documentation for explanation.
Type  H <return>  for immediate help.
 ...                                              
                                                  
l.1 \part{–ü—Ä–æ–∏–∑–≤–æ–¥—è—â–µ–µ –ø
                                     —Ä–æ—Å—Ç—Ä–∞–Ω—Å—Ç–≤–æ —ç–ª–µ–º–µ–Ω—Ç–∞...
You may provide a definition with
\DeclareUnicodeCharacter 


./second-chapter.tex:1: Package inputenc Error: Unicode character —Ä (U+440)
(inputenc)                not set up for use with LaTeX.

See the inputenc package documentation for explanation.
Type  H <return>  for immediate help.
 ...                                              
                                                  
l.1 \part{–ü—Ä–æ–∏–∑–≤–æ–¥—è—â–µ–µ –ø—Ä
                                       –æ—Å—Ç—Ä–∞–Ω—Å—Ç–≤–æ —ç–ª–µ–º–µ–Ω—Ç–∞...
You may provide a definition with
\DeclareUnicodeCharacter 


./second-chapter.tex:1: Package inputenc Error: Unicode character –æ (U+43E)
(inputenc)                not set up for use with LaTeX.

See the inputenc package documentation for explanation.
Type  H <return>  for immediate help.
 ...                                              
                                                  
l.1 \part{–ü—Ä–æ–∏–∑–≤–æ–¥—è—â–µ–µ –ø—Ä–æ
                                         —Å—Ç—Ä–∞–Ω—Å—Ç–≤–æ —ç–ª–µ–º–µ–Ω—Ç–∞...
You may provide a definition with
\DeclareUnicodeCharacter 


./second-chapter.tex:1: Package inputenc Error: Unicode character —Å (U+441)
(inputenc)                not set up for use with LaTeX.

See the inputenc package documentation for explanation.
Type  H <return>  for immediate help.
 ...                                              
                                                  
l.1 \part{–ü—Ä–æ–∏–∑–≤–æ–¥—è—â–µ–µ –ø—Ä–æ—Å
                                           —Ç—Ä–∞–Ω—Å—Ç–≤–æ —ç–ª–µ–º–µ–Ω—Ç–∞...
You may provide a definition with
\DeclareUnicodeCharacter 


./second-chapter.tex:1: Package inputenc Error: Unicode character —Ç (U+442)
(inputenc)                not set up for use with LaTeX.

See the inputenc package documentation for explanation.
Type  H <return>  for immediate help.
 ...                                              
                                                  
l.1 \part{–ü—Ä–æ–∏–∑–≤–æ–¥—è—â–µ–µ –ø—Ä–æ—Å—Ç
                                             —Ä–∞–Ω—Å—Ç–≤–æ —ç–ª–µ–º–µ–Ω—Ç–∞...
You may provide a definition with
\DeclareUnicodeCharacter 


./second-chapter.tex:1: Package inputenc Error: Unicode character —Ä (U+440)
(inputenc)                not set up for use with LaTeX.

See the inputenc package documentation for explanation.
Type  H <return>  for immediate help.
 ...                                              
                                                  
l.1 \part{–ü—Ä–æ–∏–∑–≤–æ–¥—è—â–µ–µ –ø—Ä–æ—Å—Ç—Ä
                                               –∞–Ω—Å—Ç–≤–æ —ç–ª–µ–º–µ–Ω—Ç–∞...
You may provide a definition with
\DeclareUnicodeCharacter 


./second-chapter.tex:1: Package inputenc Error: Unicode character –∞ (U+430)
(inputenc)                not set up for use with LaTeX.

See the inputenc package documentation for explanation.
Type  H <return>  for immediate help.
 ...                                              
                                                  
l.1 \part{–ü—Ä–æ–∏–∑–≤–æ–¥—è—â–µ–µ –ø—Ä–æ—Å—Ç—Ä–∞
                                                 –Ω—Å—Ç–≤–æ —ç–ª–µ–º–µ–Ω—Ç–∞...
You may provide a definition with
\DeclareUnicodeCharacter 


./second-chapter.tex:1: Package inputenc Error: Unicode character –Ω (U+43D)
(inputenc)                not set up for use with LaTeX.

See the inputenc package documentation for explanation.
Type  H <return>  for immediate help.
 ...                                              
                                                  
l.1 ...t{–ü—Ä–æ–∏–∑–≤–æ–¥—è—â–µ–µ –ø—Ä–æ—Å—Ç—Ä–∞–Ω
                                                  —Å—Ç–≤–æ —ç–ª–µ–º–µ–Ω—Ç–∞—...
You may provide a definition with
\DeclareUnicodeCharacter 


./second-chapter.tex:1: Package inputenc Error: Unicode character —Å (U+441)
(inputenc)                not set up for use with LaTeX.

See the inputenc package documentation for explanation.
Type  H <return>  for immediate help.
 ...                                              
                                                  
l.1 ...–ü—Ä–æ–∏–∑–≤–æ–¥—è—â–µ–µ –ø—Ä–æ—Å—Ç—Ä–∞–Ω—Å
                                                  —Ç–≤–æ —ç–ª–µ–º–µ–Ω—Ç–∞—Ä–...
You may provide a definition with
\DeclareUnicodeCharacter 


./second-chapter.tex:1: Package inputenc Error: Unicode character —Ç (U+442)
(inputenc)                not set up for use with LaTeX.

See the inputenc package documentation for explanation.
Type  H <return>  for immediate help.
 ...                                              
                                                  
l.1 ...—Ä–æ–∏–∑–≤–æ–¥—è—â–µ–µ –ø—Ä–æ—Å—Ç—Ä–∞–Ω—Å—Ç
                                                  –≤–æ —ç–ª–µ–º–µ–Ω—Ç–∞—Ä–Ω—...
You may provide a definition with
\DeclareUnicodeCharacter 


./second-chapter.tex:1: Package inputenc Error: Unicode character –≤ (U+432)
(inputenc)                not set up for use with LaTeX.

See the inputenc package documentation for explanation.
Type  H <return>  for immediate help.
 ...                                              
                                                  
l.1 ...–æ–∏–∑–≤–æ–¥—è—â–µ–µ –ø—Ä–æ—Å—Ç—Ä–∞–Ω—Å—Ç–≤
                                                  –æ —ç–ª–µ–º–µ–Ω—Ç–∞—Ä–Ω—ã—...
You may provide a definition with
\DeclareUnicodeCharacter 


./second-chapter.tex:1: Package inputenc Error: Unicode character –æ (U+43E)
(inputenc)                not set up for use with LaTeX.

See the inputenc package documentation for explanation.
Type  H <return>  for immediate help.
 ...                                              
                                                  
l.1 ...–∏–∑–≤–æ–¥—è—â–µ–µ –ø—Ä–æ—Å—Ç—Ä–∞–Ω—Å—Ç–≤–æ
                                                   —ç–ª–µ–º–µ–Ω—Ç–∞—Ä–Ω—ã—Ö ...
You may provide a definition with
\DeclareUnicodeCharacter 


./second-chapter.tex:1: Package inputenc Error: Unicode character —ç (U+44D)
(inputenc)                not set up for use with LaTeX.

See the inputenc package documentation for explanation.
Type  H <return>  for immediate help.
 ...                                              
                                                  
l.1 ...∑–≤–æ–¥—è—â–µ–µ –ø—Ä–æ—Å—Ç—Ä–∞–Ω—Å—Ç–≤–æ —ç
                                                  –ª–µ–º–µ–Ω—Ç–∞—Ä–Ω—ã—Ö —Å–...
You may provide a definition with
\DeclareUnicodeCharacter 


./second-chapter.tex:1: Package inputenc Error: Unicode character –ª (U+43B)
(inputenc)                not set up for use with LaTeX.

See the inputenc package documentation for explanation.
Type  H <return>  for immediate help.
 ...                                              
                                                  
l.1 ...≤–æ–¥—è—â–µ–µ –ø—Ä–æ—Å—Ç—Ä–∞–Ω—Å—Ç–≤–æ —ç–ª
                                                  –µ–º–µ–Ω—Ç–∞—Ä–Ω—ã—Ö —Å–æ–...
You may provide a definition with
\DeclareUnicodeCharacter 


./second-chapter.tex:1: Package inputenc Error: Unicode character –µ (U+435)
(inputenc)                not set up for use with LaTeX.

See the inputenc package documentation for explanation.
Type  H <return>  for immediate help.
 ...                                              
                                                  
l.1 ...æ–¥—è—â–µ–µ –ø—Ä–æ—Å—Ç—Ä–∞–Ω—Å—Ç–≤–æ —ç–ª–µ
                                                  –º–µ–Ω—Ç–∞—Ä–Ω—ã—Ö —Å–æ–±—...
You may provide a definition with
\DeclareUnicodeCharacter 


./second-chapter.tex:1: Package inputenc Error: Unicode character –º (U+43C)
(inputenc)                not set up for use with LaTeX.

See the inputenc package documentation for explanation.
Type  H <return>  for immediate help.
 ...                                              
                                                  
l.1 ...¥—è—â–µ–µ –ø—Ä–æ—Å—Ç—Ä–∞–Ω—Å—Ç–≤–æ —ç–ª–µ–º
                                                  –µ–Ω—Ç–∞—Ä–Ω—ã—Ö —Å–æ–±—ã—...
You may provide a definition with
\DeclareUnicodeCharacter 


./second-chapter.tex:1: Package inputenc Error: Unicode character –µ (U+435)
(inputenc)                not set up for use with LaTeX.

See the inputenc package documentation for explanation.
Type  H <return>  for immediate help.
 ...                                              
                                                  
l.1 ...è—â–µ–µ –ø—Ä–æ—Å—Ç—Ä–∞–Ω—Å—Ç–≤–æ —ç–ª–µ–º–µ
                                                  –Ω—Ç–∞—Ä–Ω—ã—Ö —Å–æ–±—ã—Ç–...
You may provide a definition with
\DeclareUnicodeCharacter 


./second-chapter.tex:1: Package inputenc Error: Unicode character –Ω (U+43D)
(inputenc)                not set up for use with LaTeX.

See the inputenc package documentation for explanation.
Type  H <return>  for immediate help.
 ...                                              
                                                  
l.1 ...â–µ–µ –ø—Ä–æ—Å—Ç—Ä–∞–Ω—Å—Ç–≤–æ —ç–ª–µ–º–µ–Ω
                                                  —Ç–∞—Ä–Ω—ã—Ö —Å–æ–±—ã—Ç–∏–...
You may provide a definition with
\DeclareUnicodeCharacter 


./second-chapter.tex:1: Package inputenc Error: Unicode character —Ç (U+442)
(inputenc)                not set up for use with LaTeX.

See the inputenc package documentation for explanation.
Type  H <return>  for immediate help.
 ...                                              
                                                  
l.1 ...µ–µ –ø—Ä–æ—Å—Ç—Ä–∞–Ω—Å—Ç–≤–æ —ç–ª–µ–º–µ–Ω—Ç
                                                  –∞—Ä–Ω—ã—Ö —Å–æ–±—ã—Ç–∏–π....
You may provide a definition with
\DeclareUnicodeCharacter 


./second-chapter.tex:1: Package inputenc Error: Unicode character –∞ (U+430)
(inputenc)                not set up for use with LaTeX.

See the inputenc package documentation for explanation.
Type  H <return>  for immediate help.
 ...                                              
                                                  
l.1 ...µ –ø—Ä–æ—Å—Ç—Ä–∞–Ω—Å—Ç–≤–æ —ç–ª–µ–º–µ–Ω—Ç–∞
                                                  —Ä–Ω—ã—Ö —Å–æ–±—ã—Ç–∏–π. –...
You may provide a definition with
\DeclareUnicodeCharacter 


./second-chapter.tex:1: Package inputenc Error: Unicode character —Ä (U+440)
(inputenc)                not set up for use with LaTeX.

See the inputenc package documentation for explanation.
Type  H <return>  for immediate help.
 ...                                              
                                                  
l.1 ...–ø—Ä–æ—Å—Ç—Ä–∞–Ω—Å—Ç–≤–æ —ç–ª–µ–º–µ–Ω—Ç–∞—Ä
                                                  –Ω—ã—Ö —Å–æ–±—ã—Ç–∏–π. –°–...
You may provide a definition with
\DeclareUnicodeCharacter 


./second-chapter.tex:1: Package inputenc Error: Unicode character –Ω (U+43D)
(inputenc)                not set up for use with LaTeX.

See the inputenc package documentation for explanation.
Type  H <return>  for immediate help.
 ...                                              
                                                  
l.1 ...—Ä–æ—Å—Ç—Ä–∞–Ω—Å—Ç–≤–æ —ç–ª–µ–º–µ–Ω—Ç–∞—Ä–Ω
                                                  —ã—Ö —Å–æ–±—ã—Ç–∏–π. –°–ª—...
You may provide a definition with
\DeclareUnicodeCharacter 


./second-chapter.tex:1: Package inputenc Error: Unicode character —ã (U+44B)
(inputenc)                not set up for use with LaTeX.

See the inputenc package documentation for explanation.
Type  H <return>  for immediate help.
 ...                                              
                                                  
l.1 ...–æ—Å—Ç—Ä–∞–Ω—Å—Ç–≤–æ —ç–ª–µ–º–µ–Ω—Ç–∞—Ä–Ω—ã
                                                  —Ö —Å–æ–±—ã—Ç–∏–π. –°–ª—É—...
You may provide a definition with
\DeclareUnicodeCharacter 


./second-chapter.tex:1: Package inputenc Error: Unicode character —Ö (U+445)
(inputenc)                not set up for use with LaTeX.

See the inputenc package documentation for explanation.
Type  H <return>  for immediate help.
 ...                                              
                                                  
l.1 ...—Å—Ç—Ä–∞–Ω—Å—Ç–≤–æ —ç–ª–µ–º–µ–Ω—Ç–∞—Ä–Ω—ã—Ö
                                                   —Å–æ–±—ã—Ç–∏–π. –°–ª—É—á–...
You may provide a definition with
\DeclareUnicodeCharacter 


./second-chapter.tex:1: Package inputenc Error: Unicode character —Å (U+441)
(inputenc)                not set up for use with LaTeX.

See the inputenc package documentation for explanation.
Type  H <return>  for immediate help.
 ...                                              
                                                  
l.1 ...Ç—Ä–∞–Ω—Å—Ç–≤–æ —ç–ª–µ–º–µ–Ω—Ç–∞—Ä–Ω—ã—Ö —Å
                                                  –æ–±—ã—Ç–∏–π. –°–ª—É—á–∞–π...
You may provide a definition with
\DeclareUnicodeCharacter 


./second-chapter.tex:1: Package inputenc Error: Unicode character –æ (U+43E)
(inputenc)                not set up for use with LaTeX.

See the inputenc package documentation for explanation.
Type  H <return>  for immediate help.
 ...                                              
                                                  
l.1 ...Ä–∞–Ω—Å—Ç–≤–æ —ç–ª–µ–º–µ–Ω—Ç–∞—Ä–Ω—ã—Ö —Å–æ
                                                  –±—ã—Ç–∏–π. –°–ª—É—á–∞–π–Ω...
You may provide a definition with
\DeclareUnicodeCharacter 


./second-chapter.tex:1: Package inputenc Error: Unicode character –± (U+431)
(inputenc)                not set up for use with LaTeX.

See the inputenc package documentation for explanation.
Type  H <return>  for immediate help.
 ...                                              
                                                  
l.1 ...∞–Ω—Å—Ç–≤–æ —ç–ª–µ–º–µ–Ω—Ç–∞—Ä–Ω—ã—Ö —Å–æ–±
                                                  —ã—Ç–∏–π. –°–ª—É—á–∞–π–Ω—ã...
You may provide a definition with
\DeclareUnicodeCharacter 


./second-chapter.tex:1: Package inputenc Error: Unicode character —ã (U+44B)
(inputenc)                not set up for use with LaTeX.

See the inputenc package documentation for explanation.
Type  H <return>  for immediate help.
 ...                                              
                                                  
l.1 ...Ω—Å—Ç–≤–æ —ç–ª–µ–º–µ–Ω—Ç–∞—Ä–Ω—ã—Ö —Å–æ–±—ã
                                                  —Ç–∏–π. –°–ª—É—á–∞–π–Ω—ã–µ...
You may provide a definition with
\DeclareUnicodeCharacter 


./second-chapter.tex:1: Package inputenc Error: Unicode character —Ç (U+442)
(inputenc)                not set up for use with LaTeX.

See the inputenc package documentation for explanation.
Type  H <return>  for immediate help.
 ...                                              
                                                  
l.1 ...Å—Ç–≤–æ —ç–ª–µ–º–µ–Ω—Ç–∞—Ä–Ω—ã—Ö —Å–æ–±—ã—Ç
                                                  –∏–π. –°–ª—É—á–∞–π–Ω—ã–µ –...
You may provide a definition with
\DeclareUnicodeCharacter 


./second-chapter.tex:1: Package inputenc Error: Unicode character –∏ (U+438)
(inputenc)                not set up for use with LaTeX.

See the inputenc package documentation for explanation.
Type  H <return>  for immediate help.
 ...                                              
                                                  
l.1 ...Ç–≤–æ —ç–ª–µ–º–µ–Ω—Ç–∞—Ä–Ω—ã—Ö —Å–æ–±—ã—Ç–∏
                                                  –π. –°–ª—É—á–∞–π–Ω—ã–µ –≤–...
You may provide a definition with
\DeclareUnicodeCharacter 


./second-chapter.tex:1: Package inputenc Error: Unicode character –π (U+439)
(inputenc)                not set up for use with LaTeX.

See the inputenc package documentation for explanation.
Type  H <return>  for immediate help.
 ...                                              
                                                  
l.1 ...≤–æ —ç–ª–µ–º–µ–Ω—Ç–∞—Ä–Ω—ã—Ö —Å–æ–±—ã—Ç–∏–π
                                                  . –°–ª—É—á–∞–π–Ω—ã–µ –≤–µ–...
You may provide a definition with
\DeclareUnicodeCharacter 


./second-chapter.tex:1: LaTeX Error: Missing \begin{document}.

See the LaTeX manual or LaTeX Companion for explanation.
Type  H <return>  for immediate help.
 ...                                              
                                                  
l.1 ...–æ —ç–ª–µ–º–µ–Ω—Ç–∞—Ä–Ω—ã—Ö —Å–æ–±—ã—Ç–∏–π.
                                                   –°–ª—É—á–∞–π–Ω—ã–µ –≤–µ–ª...
You're in trouble here.  Try typing  <return>  to proceed.
If that doesn't work, type  X <return>  to quit.

Missing character: There is no . in font nullfont!

./second-chapter.tex:1: Package inputenc Error: Unicode character –° (U+421)
(inputenc)                not set up for use with LaTeX.

See the inputenc package documentation for explanation.
Type  H <return>  for immediate help.
 ...                                              
                                                  
l.1 ...—ç–ª–µ–º–µ–Ω—Ç–∞—Ä–Ω—ã—Ö —Å–æ–±—ã—Ç–∏–π. –°
                                                  –ª—É—á–∞–π–Ω—ã–µ –≤–µ–ª–∏—...
You may provide a definition with
\DeclareUnicodeCharacter 


./second-chapter.tex:1: Package inputenc Error: Unicode character –ª (U+43B)
(inputenc)                not set up for use with LaTeX.

See the inputenc package documentation for explanation.
Type  H <return>  for immediate help.
 ...                                              
                                                  
l.1 ...–ª–µ–º–µ–Ω—Ç–∞—Ä–Ω—ã—Ö —Å–æ–±—ã—Ç–∏–π. –°–ª
                                                  —É—á–∞–π–Ω—ã–µ –≤–µ–ª–∏—á–...
You may provide a definition with
\DeclareUnicodeCharacter 


./second-chapter.tex:1: Package inputenc Error: Unicode character —É (U+443)
(inputenc)                not set up for use with LaTeX.

See the inputenc package documentation for explanation.
Type  H <return>  for immediate help.
 ...                                              
                                                  
l.1 ...–µ–º–µ–Ω—Ç–∞—Ä–Ω—ã—Ö —Å–æ–±—ã—Ç–∏–π. –°–ª—É
                                                  —á–∞–π–Ω—ã–µ –≤–µ–ª–∏—á–∏–...
You may provide a definition with
\DeclareUnicodeCharacter 


./second-chapter.tex:1: Package inputenc Error: Unicode character —á (U+447)
(inputenc)                not set up for use with LaTeX.

See the inputenc package documentation for explanation.
Type  H <return>  for immediate help.
 ...                                              
                                                  
l.1 ...–º–µ–Ω—Ç–∞—Ä–Ω—ã—Ö —Å–æ–±—ã—Ç–∏–π. –°–ª—É—á
                                                  –∞–π–Ω—ã–µ –≤–µ–ª–∏—á–∏–Ω—...
You may provide a definition with
\DeclareUnicodeCharacter 


./second-chapter.tex:1: Package inputenc Error: Unicode character –∞ (U+430)
(inputenc)                not set up for use with LaTeX.

See the inputenc package documentation for explanation.
Type  H <return>  for immediate help.
 ...                                              
                                                  
l.1 ...–µ–Ω—Ç–∞—Ä–Ω—ã—Ö —Å–æ–±—ã—Ç–∏–π. –°–ª—É—á–∞
                                                  –π–Ω—ã–µ –≤–µ–ª–∏—á–∏–Ω—ã ...
You may provide a definition with
\DeclareUnicodeCharacter 


./second-chapter.tex:1: Package inputenc Error: Unicode character –π (U+439)
(inputenc)                not set up for use with LaTeX.

See the inputenc package documentation for explanation.
Type  H <return>  for immediate help.
 ...                                              
                                                  
l.1 ...–Ω—Ç–∞—Ä–Ω—ã—Ö —Å–æ–±—ã—Ç–∏–π. –°–ª—É—á–∞–π
                                                  –Ω—ã–µ –≤–µ–ª–∏—á–∏–Ω—ã –∏...
You may provide a definition with
\DeclareUnicodeCharacter 


./second-chapter.tex:1: Package inputenc Error: Unicode character –Ω (U+43D)
(inputenc)                not set up for use with LaTeX.

See the inputenc package documentation for explanation.
Type  H <return>  for immediate help.
 ...                                              
                                                  
l.1 ...—Ç–∞—Ä–Ω—ã—Ö —Å–æ–±—ã—Ç–∏–π. –°–ª—É—á–∞–π–Ω
                                                  —ã–µ –≤–µ–ª–∏—á–∏–Ω—ã –∏ –...
You may provide a definition with
\DeclareUnicodeCharacter 


./second-chapter.tex:1: Package inputenc Error: Unicode character —ã (U+44B)
(inputenc)                not set up for use with LaTeX.

See the inputenc package documentation for explanation.
Type  H <return>  for immediate help.
 ...                                              
                                                  
l.1 ...–∞—Ä–Ω—ã—Ö —Å–æ–±—ã—Ç–∏–π. –°–ª—É—á–∞–π–Ω—ã
                                                  –µ –≤–µ–ª–∏—á–∏–Ω—ã –∏ –≤–...
You may provide a definition with
\DeclareUnicodeCharacter 


./second-chapter.tex:1: Package inputenc Error: Unicode character –µ (U+435)
(inputenc)                not set up for use with LaTeX.

See the inputenc package documentation for explanation.
Type  H <return>  for immediate help.
 ...                                              
                                                  
l.1 ...—Ä–Ω—ã—Ö —Å–æ–±—ã—Ç–∏–π. –°–ª—É—á–∞–π–Ω—ã–µ
                                                   –≤–µ–ª–∏—á–∏–Ω—ã –∏ –≤–µ–...
You may provide a definition with
\DeclareUnicodeCharacter 


./second-chapter.tex:1: Package inputenc Error: Unicode character –≤ (U+432)
(inputenc)                not set up for use with LaTeX.

See the inputenc package documentation for explanation.
Type  H <return>  for immediate help.
 ...                                              
                                                  
l.1 ...Ω—ã—Ö —Å–æ–±—ã—Ç–∏–π. –°–ª—É—á–∞–π–Ω—ã–µ –≤
                                                  –µ–ª–∏—á–∏–Ω—ã –∏ –≤–µ–∫—Ç...
You may provide a definition with
\DeclareUnicodeCharacter 


./second-chapter.tex:1: Package inputenc Error: Unicode character –µ (U+435)
(inputenc)                not set up for use with LaTeX.

See the inputenc package documentation for explanation.
Type  H <return>  for immediate help.
 ...                                              
                                                  
l.1 ...ã—Ö —Å–æ–±—ã—Ç–∏–π. –°–ª—É—á–∞–π–Ω—ã–µ –≤–µ
                                                  –ª–∏—á–∏–Ω—ã –∏ –≤–µ–∫—Ç–æ...
You may provide a definition with
\DeclareUnicodeCharacter 


./second-chapter.tex:1: Package inputenc Error: Unicode character –ª (U+43B)
(inputenc)                not set up for use with LaTeX.

See the inputenc package documentation for explanation.
Type  H <return>  for immediate help.
 ...                                              
                                                  
l.1 ...Ö —Å–æ–±—ã—Ç–∏–π. –°–ª—É—á–∞–π–Ω—ã–µ –≤–µ–ª
                                                  –∏—á–∏–Ω—ã –∏ –≤–µ–∫—Ç–æ—Ä—ã}
You may provide a definition with
\DeclareUnicodeCharacter 


./second-chapter.tex:1: Package inputenc Error: Unicode character –∏ (U+438)
(inputenc)                not set up for use with LaTeX.

See the inputenc package documentation for explanation.
Type  H <return>  for immediate help.
 ...                                              
                                                  
l.1 ...—Å–æ–±—ã—Ç–∏–π. –°–ª—É—á–∞–π–Ω—ã–µ –≤–µ–ª–∏
                                                  —á–∏–Ω—ã –∏ –≤–µ–∫—Ç–æ—Ä—ã}
You may provide a definition with
\DeclareUnicodeCharacter 


./second-chapter.tex:1: Package inputenc Error: Unicode character —á (U+447)
(inputenc)                not set up for use with LaTeX.

See the inputenc package documentation for explanation.
Type  H <return>  for immediate help.
 ...                                              
                                                  
l.1 ...–æ–±—ã—Ç–∏–π. –°–ª—É—á–∞–π–Ω—ã–µ –≤–µ–ª–∏—á
                                                  –∏–Ω—ã –∏ –≤–µ–∫—Ç–æ—Ä—ã}
You may provide a definition with
\DeclareUnicodeCharacter 


./second-chapter.tex:1: Package inputenc Error: Unicode character –∏ (U+438)
(inputenc)                not set up for use with LaTeX.

See the inputenc package documentation for explanation.
Type  H <return>  for immediate help.
 ...                                              
                                                  
l.1 ...–±—ã—Ç–∏–π. –°–ª—É—á–∞–π–Ω—ã–µ –≤–µ–ª–∏—á–∏
                                                  –Ω—ã –∏ –≤–µ–∫—Ç–æ—Ä—ã}
You may provide a definition with
\DeclareUnicodeCharacter 


./second-chapter.tex:1: Package inputenc Error: Unicode character –Ω (U+43D)
(inputenc)                not set up for use with LaTeX.

See the inputenc package documentation for explanation.
Type  H <return>  for immediate help.
 ...                                              
                                                  
l.1 ...—ã—Ç–∏–π. –°–ª—É—á–∞–π–Ω—ã–µ –≤–µ–ª–∏—á–∏–Ω
                                                  —ã –∏ –≤–µ–∫—Ç–æ—Ä—ã}
You may provide a definition with
\DeclareUnicodeCharacter 


./second-chapter.tex:1: Package inputenc Error: Unicode character —ã (U+44B)
(inputenc)                not set up for use with LaTeX.

See the inputenc package documentation for explanation.
Type  H <return>  for immediate help.
 ...                                              
                                                  
l.1 ...—Ç–∏–π. –°–ª—É—á–∞–π–Ω—ã–µ –≤–µ–ª–∏—á–∏–Ω—ã
                                                   –∏ –≤–µ–∫—Ç–æ—Ä—ã}
You may provide a definition with
\DeclareUnicodeCharacter 


./second-chapter.tex:1: Package inputenc Error: Unicode character –∏ (U+438)
(inputenc)                not set up for use with LaTeX.

See the inputenc package documentation for explanation.
Type  H <return>  for immediate help.
 ...                                              
                                                  
l.1 ...∏–π. –°–ª—É—á–∞–π–Ω—ã–µ –≤–µ–ª–∏—á–∏–Ω—ã –∏
                                                   –≤–µ–∫—Ç–æ—Ä—ã}
You may provide a definition with
\DeclareUnicodeCharacter 


./second-chapter.tex:1: Package inputenc Error: Unicode character –≤ (U+432)
(inputenc)                not set up for use with LaTeX.

See the inputenc package documentation for explanation.
Type  H <return>  for immediate help.
 ...                                              
                                                  
l.1 .... –°–ª—É—á–∞–π–Ω—ã–µ –≤–µ–ª–∏—á–∏–Ω—ã –∏ –≤
                                                  –µ–∫—Ç–æ—Ä—ã}
You may provide a definition with
\DeclareUnicodeCharacter 


./second-chapter.tex:1: Package inputenc Error: Unicode character –µ (U+435)
(inputenc)                not set up for use with LaTeX.

See the inputenc package documentation for explanation.
Type  H <return>  for immediate help.
 ...                                              
                                                  
l.1 ...–°–ª—É—á–∞–π–Ω—ã–µ –≤–µ–ª–∏—á–∏–Ω—ã –∏ –≤–µ
                                                  –∫—Ç–æ—Ä—ã}
You may provide a definition with
\DeclareUnicodeCharacter 


./second-chapter.tex:1: Package inputenc Error: Unicode character –∫ (U+43A)
(inputenc)                not set up for use with LaTeX.

See the inputenc package documentation for explanation.
Type  H <return>  for immediate help.
 ...                                              
                                                  
l.1 ...–ª—É—á–∞–π–Ω—ã–µ –≤–µ–ª–∏—á–∏–Ω—ã –∏ –≤–µ–∫
                                                  —Ç–æ—Ä—ã}
You may provide a definition with
\DeclareUnicodeCharacter 


./second-chapter.tex:1: Package inputenc Error: Unicode character —Ç (U+442)
(inputenc)                not set up for use with LaTeX.

See the inputenc package documentation for explanation.
Type  H <return>  for immediate help.
 ...                                              
                                                  
l.1 ...—É—á–∞–π–Ω—ã–µ –≤–µ–ª–∏—á–∏–Ω—ã –∏ –≤–µ–∫—Ç
                                                  –æ—Ä—ã}
You may provide a definition with
\DeclareUnicodeCharacter 


./second-chapter.tex:1: Package inputenc Error: Unicode character –æ (U+43E)
(inputenc)                not set up for use with LaTeX.

See the inputenc package documentation for explanation.
Type  H <return>  for immediate help.
 ...                                              
                                                  
l.1 ...—á–∞–π–Ω—ã–µ –≤–µ–ª–∏—á–∏–Ω—ã –∏ –≤–µ–∫—Ç–æ
                                                  —Ä—ã}
You may provide a definition with
\DeclareUnicodeCharacter 


./second-chapter.tex:1: Package inputenc Error: Unicode character —Ä (U+440)
(inputenc)                not set up for use with LaTeX.

See the inputenc package documentation for explanation.
Type  H <return>  for immediate help.
 ...                                              
                                                  
l.1 ...–∞–π–Ω—ã–µ –≤–µ–ª–∏—á–∏–Ω—ã –∏ –≤–µ–∫—Ç–æ—Ä
                                                  —ã}
You may provide a definition with
\DeclareUnicodeCharacter 


./second-chapter.tex:1: Package inputenc Error: Unicode character —ã (U+44B)
(inputenc)                not set up for use with LaTeX.

See the inputenc package documentation for explanation.
Type  H <return>  for immediate help.
 ...                                              
                                                  
l.1 ...–π–Ω—ã–µ –≤–µ–ª–∏—á–∏–Ω—ã –∏ –≤–µ–∫—Ç–æ—Ä—ã
                                                  }
You may provide a definition with
\DeclareUnicodeCharacter 

./second-chapter.tex:3: Undefined control sequence.
l.3 \section
            {–ê–∫—Å–∏–æ–º—ã —Ç–µ–æ—Ä–∏–∏ –≤–µ—Ä–æ—è—Ç–Ω–æ—Å—Ç–µ–π. –í–µ—Ä–æ—...
The control sequence at the end of the top line
of your error message was never \def'ed. If you have
misspelled it (e.g., `\hobx'), type `I' and the correct
spelling (e.g., `I\hbox'). Otherwise just continue,
and I'll forget about whatever was undefined.


./second-chapter.tex:3: Package inputenc Error: Unicode character –ê (U+410)
(inputenc)                not set up for use with LaTeX.

See the inputenc package documentation for explanation.
Type  H <return>  for immediate help.
 ...                                              
                                                  
l.3 \section{–ê
               –∫—Å–∏–æ–º—ã —Ç–µ–æ—Ä–∏–∏ –≤–µ—Ä–æ—è—Ç–Ω–æ—Å—Ç–µ–π. –í–µ—Ä–æ—...
You may provide a definition with
\DeclareUnicodeCharacter 


./second-chapter.tex:3: Package inputenc Error: Unicode character –∫ (U+43A)
(inputenc)                not set up for use with LaTeX.

See the inputenc package documentation for explanation.
Type  H <return>  for immediate help.
 ...                                              
                                                  
l.3 \section{–ê–∫
                 —Å–∏–æ–º—ã —Ç–µ–æ—Ä–∏–∏ –≤–µ—Ä–æ—è—Ç–Ω–æ—Å—Ç–µ–π. –í–µ—Ä–æ—...
You may provide a definition with
\DeclareUnicodeCharacter 


./second-chapter.tex:3: Package inputenc Error: Unicode character —Å (U+441)
(inputenc)                not set up for use with LaTeX.

See the inputenc package documentation for explanation.
Type  H <return>  for immediate help.
 ...                                              
                                                  
l.3 \section{–ê–∫—Å
                   –∏–æ–º—ã —Ç–µ–æ—Ä–∏–∏ –≤–µ—Ä–æ—è—Ç–Ω–æ—Å—Ç–µ–π. –í–µ—Ä–æ—...
You may provide a definition with
\DeclareUnicodeCharacter 


./second-chapter.tex:3: Package inputenc Error: Unicode character –∏ (U+438)
(inputenc)                not set up for use with LaTeX.

See the inputenc package documentation for explanation.
Type  H <return>  for immediate help.
 ...                                              
                                                  
l.3 \section{–ê–∫—Å–∏
                     –æ–º—ã —Ç–µ–æ—Ä–∏–∏ –≤–µ—Ä–æ—è—Ç–Ω–æ—Å—Ç–µ–π. –í–µ—Ä–æ—...
You may provide a definition with
\DeclareUnicodeCharacter 


./second-chapter.tex:3: Package inputenc Error: Unicode character –æ (U+43E)
(inputenc)                not set up for use with LaTeX.

See the inputenc package documentation for explanation.
Type  H <return>  for immediate help.
 ...                                              
                                                  
l.3 \section{–ê–∫—Å–∏–æ
                       –º—ã —Ç–µ–æ—Ä–∏–∏ –≤–µ—Ä–æ—è—Ç–Ω–æ—Å—Ç–µ–π. –í–µ—Ä–æ—...
You may provide a definition with
\DeclareUnicodeCharacter 


./second-chapter.tex:3: Package inputenc Error: Unicode character –º (U+43C)
(inputenc)                not set up for use with LaTeX.

See the inputenc package documentation for explanation.
Type  H <return>  for immediate help.
 ...                                              
                                                  
l.3 \section{–ê–∫—Å–∏–æ–º
                         —ã —Ç–µ–æ—Ä–∏–∏ –≤–µ—Ä–æ—è—Ç–Ω–æ—Å—Ç–µ–π. –í–µ—Ä–æ—...
You may provide a definition with
\DeclareUnicodeCharacter 


./second-chapter.tex:3: Package inputenc Error: Unicode character —ã (U+44B)
(inputenc)                not set up for use with LaTeX.

See the inputenc package documentation for explanation.
Type  H <return>  for immediate help.
 ...                                              
                                                  
l.3 \section{–ê–∫—Å–∏–æ–º—ã
                            —Ç–µ–æ—Ä–∏–∏ –≤–µ—Ä–æ—è—Ç–Ω–æ—Å—Ç–µ–π. –í–µ—Ä–æ—...
You may provide a definition with
\DeclareUnicodeCharacter 


./second-chapter.tex:3: Package inputenc Error: Unicode character —Ç (U+442)
(inputenc)                not set up for use with LaTeX.

See the inputenc package documentation for explanation.
Type  H <return>  for immediate help.
 ...                                              
                                                  
l.3 \section{–ê–∫—Å–∏–æ–º—ã —Ç
                              –µ–æ—Ä–∏–∏ –≤–µ—Ä–æ—è—Ç–Ω–æ—Å—Ç–µ–π. –í–µ—Ä–æ—...
You may provide a definition with
\DeclareUnicodeCharacter 


./second-chapter.tex:3: Package inputenc Error: Unicode character –µ (U+435)
(inputenc)                not set up for use with LaTeX.

See the inputenc package documentation for explanation.
Type  H <return>  for immediate help.
 ...                                              
                                                  
l.3 \section{–ê–∫—Å–∏–æ–º—ã —Ç–µ
                                –æ—Ä–∏–∏ –≤–µ—Ä–æ—è—Ç–Ω–æ—Å—Ç–µ–π. –í–µ—Ä–æ—...
You may provide a definition with
\DeclareUnicodeCharacter 


./second-chapter.tex:3: Package inputenc Error: Unicode character –æ (U+43E)
(inputenc)                not set up for use with LaTeX.

See the inputenc package documentation for explanation.
Type  H <return>  for immediate help.
 ...                                              
                                                  
l.3 \section{–ê–∫—Å–∏–æ–º—ã —Ç–µ–æ
                                  —Ä–∏–∏ –≤–µ—Ä–æ—è—Ç–Ω–æ—Å—Ç–µ–π. –í–µ—Ä–æ—...
You may provide a definition with
\DeclareUnicodeCharacter 


./second-chapter.tex:3: Package inputenc Error: Unicode character —Ä (U+440)
(inputenc)                not set up for use with LaTeX.

See the inputenc package documentation for explanation.
Type  H <return>  for immediate help.
 ...                                              
                                                  
l.3 \section{–ê–∫—Å–∏–æ–º—ã —Ç–µ–æ—Ä
                                    –∏–∏ –≤–µ—Ä–æ—è—Ç–Ω–æ—Å—Ç–µ–π. –í–µ—Ä–æ—...
You may provide a definition with
\DeclareUnicodeCharacter 


./second-chapter.tex:3: Package inputenc Error: Unicode character –∏ (U+438)
(inputenc)                not set up for use with LaTeX.

See the inputenc package documentation for explanation.
Type  H <return>  for immediate help.
 ...                                              
                                                  
l.3 \section{–ê–∫—Å–∏–æ–º—ã —Ç–µ–æ—Ä–∏
                                      –∏ –≤–µ—Ä–æ—è—Ç–Ω–æ—Å—Ç–µ–π. –í–µ—Ä–æ—...
You may provide a definition with
\DeclareUnicodeCharacter 


./second-chapter.tex:3: Package inputenc Error: Unicode character –∏ (U+438)
(inputenc)                not set up for use with LaTeX.

See the inputenc package documentation for explanation.
Type  H <return>  for immediate help.
 ...                                              
                                                  
l.3 \section{–ê–∫—Å–∏–æ–º—ã —Ç–µ–æ—Ä–∏–∏
                                         –≤–µ—Ä–æ—è—Ç–Ω–æ—Å—Ç–µ–π. –í–µ—Ä–æ—...
You may provide a definition with
\DeclareUnicodeCharacter 


./second-chapter.tex:3: Package inputenc Error: Unicode character –≤ (U+432)
(inputenc)                not set up for use with LaTeX.

See the inputenc package documentation for explanation.
Type  H <return>  for immediate help.
 ...                                              
                                                  
l.3 \section{–ê–∫—Å–∏–æ–º—ã —Ç–µ–æ—Ä–∏–∏ –≤
                                           –µ—Ä–æ—è—Ç–Ω–æ—Å—Ç–µ–π. –í–µ—Ä–æ—...
You may provide a definition with
\DeclareUnicodeCharacter 


./second-chapter.tex:3: Package inputenc Error: Unicode character –µ (U+435)
(inputenc)                not set up for use with LaTeX.

See the inputenc package documentation for explanation.
Type  H <return>  for immediate help.
 ...                                              
                                                  
l.3 \section{–ê–∫—Å–∏–æ–º—ã —Ç–µ–æ—Ä–∏–∏ –≤–µ
                                             —Ä–æ—è—Ç–Ω–æ—Å—Ç–µ–π. –í–µ—Ä–æ—...
You may provide a definition with
\DeclareUnicodeCharacter 


./second-chapter.tex:3: Package inputenc Error: Unicode character —Ä (U+440)
(inputenc)                not set up for use with LaTeX.

See the inputenc package documentation for explanation.
Type  H <return>  for immediate help.
 ...                                              
                                                  
l.3 \section{–ê–∫—Å–∏–æ–º—ã —Ç–µ–æ—Ä–∏–∏ –≤–µ—Ä
                                               –æ—è—Ç–Ω–æ—Å—Ç–µ–π. –í–µ—Ä–æ—...
You may provide a definition with
\DeclareUnicodeCharacter 


./second-chapter.tex:3: Package inputenc Error: Unicode character –æ (U+43E)
(inputenc)                not set up for use with LaTeX.

See the inputenc package documentation for explanation.
Type  H <return>  for immediate help.
 ...                                              
                                                  
l.3 \section{–ê–∫—Å–∏–æ–º—ã —Ç–µ–æ—Ä–∏–∏ –≤–µ—Ä–æ
                                                 —è—Ç–Ω–æ—Å—Ç–µ–π. –í–µ—Ä–æ—...
You may provide a definition with
\DeclareUnicodeCharacter 


./second-chapter.tex:3: Package inputenc Error: Unicode character —è (U+44F)
(inputenc)                not set up for use with LaTeX.

See the inputenc package documentation for explanation.
Type  H <return>  for immediate help.
 ...                                              
                                                  
l.3 ...tion{–ê–∫—Å–∏–æ–º—ã —Ç–µ–æ—Ä–∏–∏ –≤–µ—Ä–æ—è
                                                  —Ç–Ω–æ—Å—Ç–µ–π. –í–µ—Ä–æ—è...
You may provide a definition with
\DeclareUnicodeCharacter 


./second-chapter.tex:3: Package inputenc Error: Unicode character —Ç (U+442)
(inputenc)                not set up for use with LaTeX.

See the inputenc package documentation for explanation.
Type  H <return>  for immediate help.
 ...                                              
                                                  
l.3 ...on{–ê–∫—Å–∏–æ–º—ã —Ç–µ–æ—Ä–∏–∏ –≤–µ—Ä–æ—è—Ç
                                                  –Ω–æ—Å—Ç–µ–π. –í–µ—Ä–æ—è—Ç...
You may provide a definition with
\DeclareUnicodeCharacter 


./second-chapter.tex:3: Package inputenc Error: Unicode character –Ω (U+43D)
(inputenc)                not set up for use with LaTeX.

See the inputenc package documentation for explanation.
Type  H <return>  for immediate help.
 ...                                              
                                                  
l.3 ...{–ê–∫—Å–∏–æ–º—ã —Ç–µ–æ—Ä–∏–∏ –≤–µ—Ä–æ—è—Ç–Ω
                                                  –æ—Å—Ç–µ–π. –í–µ—Ä–æ—è—Ç–Ω...
You may provide a definition with
\DeclareUnicodeCharacter 


./second-chapter.tex:3: Package inputenc Error: Unicode character –æ (U+43E)
(inputenc)                not set up for use with LaTeX.

See the inputenc package documentation for explanation.
Type  H <return>  for immediate help.
 ...                                              
                                                  
l.3 ...ê–∫—Å–∏–æ–º—ã —Ç–µ–æ—Ä–∏–∏ –≤–µ—Ä–æ—è—Ç–Ω–æ
                                                  —Å—Ç–µ–π. –í–µ—Ä–æ—è—Ç–Ω–æ...
You may provide a definition with
\DeclareUnicodeCharacter 


./second-chapter.tex:3: Package inputenc Error: Unicode character —Å (U+441)
(inputenc)                not set up for use with LaTeX.

See the inputenc package documentation for explanation.
Type  H <return>  for immediate help.
 ...                                              
                                                  
l.3 ...∫—Å–∏–æ–º—ã —Ç–µ–æ—Ä–∏–∏ –≤–µ—Ä–æ—è—Ç–Ω–æ—Å
                                                  —Ç–µ–π. –í–µ—Ä–æ—è—Ç–Ω–æ—Å...
You may provide a definition with
\DeclareUnicodeCharacter 


./second-chapter.tex:3: Package inputenc Error: Unicode character —Ç (U+442)
(inputenc)                not set up for use with LaTeX.

See the inputenc package documentation for explanation.
Type  H <return>  for immediate help.
 ...                                              
                                                  
l.3 ...Å–∏–æ–º—ã —Ç–µ–æ—Ä–∏–∏ –≤–µ—Ä–æ—è—Ç–Ω–æ—Å—Ç
                                                  –µ–π. –í–µ—Ä–æ—è—Ç–Ω–æ—Å—Ç...
You may provide a definition with
\DeclareUnicodeCharacter 


./second-chapter.tex:3: Package inputenc Error: Unicode character –µ (U+435)
(inputenc)                not set up for use with LaTeX.

See the inputenc package documentation for explanation.
Type  H <return>  for immediate help.
 ...                                              
                                                  
l.3 ...∏–æ–º—ã —Ç–µ–æ—Ä–∏–∏ –≤–µ—Ä–æ—è—Ç–Ω–æ—Å—Ç–µ
                                                  –π. –í–µ—Ä–æ—è—Ç–Ω–æ—Å—Ç–Ω...
You may provide a definition with
\DeclareUnicodeCharacter 


./second-chapter.tex:3: Package inputenc Error: Unicode character –π (U+439)
(inputenc)                not set up for use with LaTeX.

See the inputenc package documentation for explanation.
Type  H <return>  for immediate help.
 ...                                              
                                                  
l.3 ...æ–º—ã —Ç–µ–æ—Ä–∏–∏ –≤–µ—Ä–æ—è—Ç–Ω–æ—Å—Ç–µ–π
                                                  . –í–µ—Ä–æ—è—Ç–Ω–æ—Å—Ç–Ω–æ...
You may provide a definition with
\DeclareUnicodeCharacter 

Missing character: There is no . in font nullfont!

./second-chapter.tex:3: Package inputenc Error: Unicode character –í (U+412)
(inputenc)                not set up for use with LaTeX.

See the inputenc package documentation for explanation.
Type  H <return>  for immediate help.
 ...                                              
                                                  
l.3 ...ã —Ç–µ–æ—Ä–∏–∏ –≤–µ—Ä–æ—è—Ç–Ω–æ—Å—Ç–µ–π. –í
                                                  –µ—Ä–æ—è—Ç–Ω–æ—Å—Ç–Ω–æ–µ –...
You may provide a definition with
\DeclareUnicodeCharacter 


./second-chapter.tex:3: Package inputenc Error: Unicode character –µ (U+435)
(inputenc)                not set up for use with LaTeX.

See the inputenc package documentation for explanation.
Type  H <return>  for immediate help.
 ...                                              
                                                  
l.3 ...—Ç–µ–æ—Ä–∏–∏ –≤–µ—Ä–æ—è—Ç–Ω–æ—Å—Ç–µ–π. –í–µ
                                                  —Ä–æ—è—Ç–Ω–æ—Å—Ç–Ω–æ–µ –ø—...
You may provide a definition with
\DeclareUnicodeCharacter 


./second-chapter.tex:3: Package inputenc Error: Unicode character —Ä (U+440)
(inputenc)                not set up for use with LaTeX.

See the inputenc package documentation for explanation.
Type  H <return>  for immediate help.
 ...                                              
                                                  
l.3 ...–µ–æ—Ä–∏–∏ –≤–µ—Ä–æ—è—Ç–Ω–æ—Å—Ç–µ–π. –í–µ—Ä
                                                  –æ—è—Ç–Ω–æ—Å—Ç–Ω–æ–µ –ø—Ä–...
You may provide a definition with
\DeclareUnicodeCharacter 


./second-chapter.tex:3: Package inputenc Error: Unicode character –æ (U+43E)
(inputenc)                not set up for use with LaTeX.

See the inputenc package documentation for explanation.
Type  H <return>  for immediate help.
 ...                                              
                                                  
l.3 ...–æ—Ä–∏–∏ –≤–µ—Ä–æ—è—Ç–Ω–æ—Å—Ç–µ–π. –í–µ—Ä–æ
                                                  —è—Ç–Ω–æ—Å—Ç–Ω–æ–µ –ø—Ä–æ—...
(That makes 100 errors; please try again.) 
Here is how much of TeX's memory you used:
 34 strings out of 492639
 498 string characters out of 6129287
 57086 words of memory out of 5000000
 4022 multiletter control sequences out of 15000+600000
 3640 words of font info for 14 fonts, out of 8000000 for 9000
 1141 hyphenation exceptions out of 8191
 10i,0n,10p,178b,42s stack positions out of 5000i,500n,10000p,200000b,80000s

./second-chapter.tex:3:  ==> Fatal error occurred, no output PDF file produced!
